This is pdfTeX, Version 3.14159265-2.6-1.40.20 (TeX Live 2019) (preloaded format=pdflatex 2019.5.8)  24 DEC 2020 11:42
entering extended mode
 restricted \write18 enabled.
 %&-line parsing enabled.
**\nonstopmode\input labmanual.tex
(./labmanual.tex (/usr/local/texlive/2019/texmf-dist/tex/latex/base/report.cls
Document Class: report 2018/09/03 v1.4i Standard LaTeX document class
(/usr/local/texlive/2019/texmf-dist/tex/latex/base/size10.clo
File: size10.clo 2018/09/03 v1.4i Standard LaTeX file (size option)
)
\c@part=\count80
\c@chapter=\count81
\c@section=\count82
\c@subsection=\count83
\c@subsubsection=\count84
\c@paragraph=\count85
\c@subparagraph=\count86
\c@figure=\count87
\c@table=\count88
\abovecaptionskip=\skip41
\belowcaptionskip=\skip42
\bibindent=\dimen102
)
(/usr/local/texlive/2019/texmf-dist/tex/latex/graphics/graphicx.sty
Package: graphicx 2017/06/01 v1.1a Enhanced LaTeX Graphics (DPC,SPQR)

(/usr/local/texlive/2019/texmf-dist/tex/latex/graphics/keyval.sty
Package: keyval 2014/10/28 v1.15 key=value parser (DPC)
\KV@toks@=\toks14
)
(/usr/local/texlive/2019/texmf-dist/tex/latex/graphics/graphics.sty
Package: graphics 2017/06/25 v1.2c Standard LaTeX Graphics (DPC,SPQR)

(/usr/local/texlive/2019/texmf-dist/tex/latex/graphics/trig.sty
Package: trig 2016/01/03 v1.10 sin cos tan (DPC)
)
(/usr/local/texlive/2019/texmf-dist/tex/latex/graphics-cfg/graphics.cfg
File: graphics.cfg 2016/06/04 v1.11 sample graphics configuration
)
Package graphics Info: Driver file: pdftex.def on input line 99.

(/usr/local/texlive/2019/texmf-dist/tex/latex/graphics-def/pdftex.def
File: pdftex.def 2018/01/08 v1.0l Graphics/color driver for pdftex
))
\Gin@req@height=\dimen103
\Gin@req@width=\dimen104
)
(/usr/local/texlive/2019/texmf-dist/tex/generic/epsf/epsf.sty
This is `epsf.tex' v2.7.4 <14 February 2011>
\epsffilein=\read1
\epsfframemargin=\dimen105
\epsfframethickness=\dimen106
\epsfrsize=\dimen107
\epsftmp=\dimen108
\epsftsize=\dimen109
\epsfxsize=\dimen110
\epsfysize=\dimen111
\pspoints=\dimen112
) (/usr/local/texlive/2019/texmf-dist/tex/latex/siunitx/siunitx.sty
(/usr/local/texlive/2019/texmf-dist/tex/latex/l3kernel/expl3.sty
Package: expl3 2019-05-07 L3 programming layer (loader) 

(/usr/local/texlive/2019/texmf-dist/tex/latex/l3kernel/expl3-code.tex
Package: expl3 2019-05-07 L3 programming layer (code)
\c_max_int=\count89
\l_tmpa_int=\count90
\l_tmpb_int=\count91
\g_tmpa_int=\count92
\g_tmpb_int=\count93
\g__kernel_prg_map_int=\count94
\c__ior_term_ior=\count95
\c_log_iow=\count96
\l_iow_line_count_int=\count97
\l__iow_line_target_int=\count98
\l__iow_one_indent_int=\count99
\l__iow_indent_int=\count100
\c_zero_dim=\dimen113
\c_max_dim=\dimen114
\l_tmpa_dim=\dimen115
\l_tmpb_dim=\dimen116
\g_tmpa_dim=\dimen117
\g_tmpb_dim=\dimen118
\c_zero_skip=\skip43
\c_max_skip=\skip44
\l_tmpa_skip=\skip45
\l_tmpb_skip=\skip46
\g_tmpa_skip=\skip47
\g_tmpb_skip=\skip48
\c_zero_muskip=\muskip10
\c_max_muskip=\muskip11
\l_tmpa_muskip=\muskip12
\l_tmpb_muskip=\muskip13
\g_tmpa_muskip=\muskip14
\g_tmpb_muskip=\muskip15
\l_keys_choice_int=\count101
\l__intarray_loop_int=\count102
\c__intarray_sp_dim=\dimen119
\g__intarray_font_int=\count103
\c__fp_leading_shift_int=\count104
\c__fp_middle_shift_int=\count105
\c__fp_trailing_shift_int=\count106
\c__fp_big_leading_shift_int=\count107
\c__fp_big_middle_shift_int=\count108
\c__fp_big_trailing_shift_int=\count109
\c__fp_Bigg_leading_shift_int=\count110
\c__fp_Bigg_middle_shift_int=\count111
\c__fp_Bigg_trailing_shift_int=\count112
\c__kernel_randint_max_int=\count113
\g__fp_array_int=\count114
\l__fp_array_loop_int=\count115
\l__sort_length_int=\count116
\l__sort_min_int=\count117
\l__sort_top_int=\count118
\l__sort_max_int=\count119
\l__sort_true_max_int=\count120
\l__sort_block_int=\count121
\l__sort_begin_int=\count122
\l__sort_end_int=\count123
\l__sort_A_int=\count124
\l__sort_B_int=\count125
\l__sort_C_int=\count126
\l__tl_analysis_normal_int=\count127
\l__tl_analysis_index_int=\count128
\l__tl_analysis_nesting_int=\count129
\l__tl_analysis_type_int=\count130
\l__regex_internal_a_int=\count131
\l__regex_internal_b_int=\count132
\l__regex_internal_c_int=\count133
\l__regex_balance_int=\count134
\l__regex_group_level_int=\count135
\l__regex_mode_int=\count136
\c__regex_cs_in_class_mode_int=\count137
\c__regex_cs_mode_int=\count138
\l__regex_catcodes_int=\count139
\l__regex_default_catcodes_int=\count140
\c__regex_catcode_D_int=\count141
\c__regex_catcode_S_int=\count142
\c__regex_catcode_L_int=\count143
\c__regex_catcode_O_int=\count144
\c__regex_catcode_A_int=\count145
\c__regex_all_catcodes_int=\count146
\l__regex_show_lines_int=\count147
\l__regex_min_state_int=\count148
\l__regex_max_state_int=\count149
\l__regex_left_state_int=\count150
\l__regex_right_state_int=\count151
\l__regex_capturing_group_int=\count152
\l__regex_min_pos_int=\count153
\l__regex_max_pos_int=\count154
\l__regex_curr_pos_int=\count155
\l__regex_start_pos_int=\count156
\l__regex_success_pos_int=\count157
\l__regex_curr_char_int=\count158
\l__regex_curr_catcode_int=\count159
\l__regex_last_char_int=\count160
\l__regex_case_changed_char_int=\count161
\l__regex_curr_state_int=\count162
\l__regex_step_int=\count163
\l__regex_min_active_int=\count164
\l__regex_max_active_int=\count165
\l__regex_replacement_csnames_int=\count166
\l__regex_match_count_int=\count167
\l__regex_min_submatch_int=\count168
\l__regex_submatch_int=\count169
\l__regex_zeroth_submatch_int=\count170
\g__regex_trace_regex_int=\count171
\c_empty_box=\box27
\l_tmpa_box=\box28
\l_tmpb_box=\box29
\g_tmpa_box=\box30
\g_tmpb_box=\box31
\l__box_top_dim=\dimen120
\l__box_bottom_dim=\dimen121
\l__box_left_dim=\dimen122
\l__box_right_dim=\dimen123
\l__box_top_new_dim=\dimen124
\l__box_bottom_new_dim=\dimen125
\l__box_left_new_dim=\dimen126
\l__box_right_new_dim=\dimen127
\l__box_internal_box=\box32
\l__coffin_internal_box=\box33
\l__coffin_internal_dim=\dimen128
\l__coffin_offset_x_dim=\dimen129
\l__coffin_offset_y_dim=\dimen130
\l__coffin_x_dim=\dimen131
\l__coffin_y_dim=\dimen132
\l__coffin_x_prime_dim=\dimen133
\l__coffin_y_prime_dim=\dimen134
\c_empty_coffin=\box34
\l__coffin_aligned_coffin=\box35
\l__coffin_aligned_internal_coffin=\box36
\l_tmpa_coffin=\box37
\l_tmpb_coffin=\box38
\g_tmpa_coffin=\box39
\g_tmpb_coffin=\box40
\l__coffin_bounding_shift_dim=\dimen135
\l__coffin_left_corner_dim=\dimen136
\l__coffin_right_corner_dim=\dimen137
\l__coffin_bottom_corner_dim=\dimen138
\l__coffin_top_corner_dim=\dimen139
\l__coffin_scaled_total_height_dim=\dimen140
\l__coffin_scaled_width_dim=\dimen141
\c__coffin_empty_coffin=\box41
\l__coffin_display_coffin=\box42
\l__coffin_display_coord_coffin=\box43
\l__coffin_display_pole_coffin=\box44
\l__coffin_display_offset_dim=\dimen142
\l__coffin_display_x_dim=\dimen143
\l__coffin_display_y_dim=\dimen144
\g__file_internal_ior=\read2
\l__seq_internal_a_int=\count172
\l__seq_internal_b_int=\count173
\c__deprecation_minus_one=\count174
)
(/usr/local/texlive/2019/texmf-dist/tex/latex/l3kernel/l3pdfmode.def
File: l3pdfmode.def 2019-04-06 v L3 Experimental driver: PDF mode
\l__driver_color_stack_int=\count175
\l__driver_pdf_tmp_box=\box45
))
(/usr/local/texlive/2019/texmf-dist/tex/latex/l3packages/xparse/xparse.sty
Package: xparse 2019-05-03 L3 Experimental document command parser
\l__xparse_current_arg_int=\count176
\g__xparse_grabber_int=\count177
\l__xparse_m_args_int=\count178
\l__xparse_v_nesting_int=\count179
)
Package: siunitx 2018/05/17 v2.7s A comprehensive (SI) units package

(/usr/local/texlive/2019/texmf-dist/tex/latex/amsmath/amstext.sty
Package: amstext 2000/06/29 v2.01 AMS text

(/usr/local/texlive/2019/texmf-dist/tex/latex/amsmath/amsgen.sty
File: amsgen.sty 1999/11/30 v2.0 generic functions
\@emptytoks=\toks15
\ex@=\dimen145
))
(/usr/local/texlive/2019/texmf-dist/tex/latex/tools/array.sty
Package: array 2018/12/30 v2.4k Tabular extension package (FMi)
\col@sep=\dimen146
\ar@mcellbox=\box46
\extrarowheight=\dimen147
\NC@list=\toks16
\extratabsurround=\skip49
\backup@length=\skip50
\ar@cellbox=\box47
)
(/usr/local/texlive/2019/texmf-dist/tex/latex/l3packages/l3keys2e/l3keys2e.sty
Package: l3keys2e 2019-05-03 LaTeX2e option processing using LaTeX3 keys
)
\l__siunitx_tmp_box=\box48
\l__siunitx_tmp_dim=\dimen148
\l__siunitx_tmp_int=\count180
\l__siunitx_number_mantissa_length_int=\count181
\l__siunitx_number_uncert_length_int=\count182
\l__siunitx_round_int=\count183
\l__siunitx_process_decimal_int=\count184
\l__siunitx_process_uncertainty_int=\count185
\l__siunitx_process_fixed_int=\count186
\l__siunitx_process_integer_min_int=\count187
\l__siunitx_process_precision_int=\count188
\l__siunitx_group_min_int=\count189
\l__siunitx_angle_marker_box=\box49
\l__siunitx_angle_unit_box=\box50
\l__siunitx_angle_marker_dim=\dimen149
\l__siunitx_angle_unit_dim=\dimen150
\l__siunitx_unit_int=\count190
\l__siunitx_unit_denominator_int=\count191
\l__siunitx_unit_numerator_int=\count192
\l__siunitx_unit_prefix_int=\count193
\l__siunitx_unit_prefix_base_int=\count194
\l__siunitx_unit_prefix_gram_int=\count195
\l__siunitx_number_product_int=\count196
\c__siunitx_one_fill_skip=\skip51
\l__siunitx_table_unit_align_skip=\skip52
\l__siunitx_table_exponent_dim=\dimen151
\l__siunitx_table_integer_dim=\dimen152
\l__siunitx_table_mantissa_dim=\dimen153
\l__siunitx_table_marker_dim=\dimen154
\l__siunitx_table_result_dim=\dimen155
\l__siunitx_table_uncert_dim=\dimen156
\l__siunitx_table_fill_pre_dim=\dimen157
\l__siunitx_table_fill_post_dim=\dimen158
\l__siunitx_table_fill_mid_dim=\dimen159
\l__siunitx_table_pre_box=\box51
\l__siunitx_table_post_box=\box52
\l__siunitx_table_mantissa_box=\box53
\l__siunitx_table_result_box=\box54
\l__siunitx_table_number_align_skip=\skip53
\l__siunitx_table_text_align_skip=\skip54
(/usr/local/texlive/2019/texmf-dist/tex/latex/translator/translator.sty
Package: translator 2018/01/04 v1.12 Easy translation of strings in LaTeX
))
(./labmanual.aux)
\openout1 = `labmanual.aux'.

LaTeX Font Info:    Checking defaults for OML/cmm/m/it on input line 18.
LaTeX Font Info:    ... okay on input line 18.
LaTeX Font Info:    Checking defaults for T1/cmr/m/n on input line 18.
LaTeX Font Info:    ... okay on input line 18.
LaTeX Font Info:    Checking defaults for OT1/cmr/m/n on input line 18.
LaTeX Font Info:    ... okay on input line 18.
LaTeX Font Info:    Checking defaults for OMS/cmsy/m/n on input line 18.
LaTeX Font Info:    ... okay on input line 18.
LaTeX Font Info:    Checking defaults for OMX/cmex/m/n on input line 18.
LaTeX Font Info:    ... okay on input line 18.
LaTeX Font Info:    Checking defaults for U/cmr/m/n on input line 18.
LaTeX Font Info:    ... okay on input line 18.

(/usr/local/texlive/2019/texmf-dist/tex/context/base/mkii/supp-pdf.mkii
[Loading MPS to PDF converter (version 2006.09.02).]
\scratchcounter=\count197
\scratchdimen=\dimen160
\scratchbox=\box55
\nofMPsegments=\count198
\nofMParguments=\count199
\everyMPshowfont=\toks17
\MPscratchCnt=\count266
\MPscratchDim=\dimen161
\MPnumerator=\count267
\makeMPintoPDFobject=\count268
\everyMPtoPDFconversion=\toks18
) (/usr/local/texlive/2019/texmf-dist/tex/latex/oberdiek/epstopdf-base.sty
Package: epstopdf-base 2016/05/15 v2.6 Base part for package epstopdf

(/usr/local/texlive/2019/texmf-dist/tex/generic/oberdiek/infwarerr.sty
Package: infwarerr 2016/05/16 v1.4 Providing info/warning/error messages (HO)
)
(/usr/local/texlive/2019/texmf-dist/tex/latex/oberdiek/grfext.sty
Package: grfext 2016/05/16 v1.2 Manage graphics extensions (HO)

(/usr/local/texlive/2019/texmf-dist/tex/generic/oberdiek/kvdefinekeys.sty
Package: kvdefinekeys 2016/05/16 v1.4 Define keys (HO)

(/usr/local/texlive/2019/texmf-dist/tex/generic/oberdiek/ltxcmds.sty
Package: ltxcmds 2016/05/16 v1.23 LaTeX kernel commands for general use (HO)
)))
(/usr/local/texlive/2019/texmf-dist/tex/latex/oberdiek/kvoptions.sty
Package: kvoptions 2016/05/16 v3.12 Key value format for package options (HO)

(/usr/local/texlive/2019/texmf-dist/tex/generic/oberdiek/kvsetkeys.sty
Package: kvsetkeys 2016/05/16 v1.17 Key value parser (HO)

(/usr/local/texlive/2019/texmf-dist/tex/generic/oberdiek/etexcmds.sty
Package: etexcmds 2016/05/16 v1.6 Avoid name clashes with e-TeX commands (HO)

(/usr/local/texlive/2019/texmf-dist/tex/generic/oberdiek/ifluatex.sty
Package: ifluatex 2016/05/16 v1.4 Provides the ifluatex switch (HO)
Package ifluatex Info: LuaTeX not detected.
))))
(/usr/local/texlive/2019/texmf-dist/tex/generic/oberdiek/pdftexcmds.sty
Package: pdftexcmds 2018/09/10 v0.29 Utility functions of pdfTeX for LuaTeX (HO
)

(/usr/local/texlive/2019/texmf-dist/tex/generic/oberdiek/ifpdf.sty
Package: ifpdf 2018/09/07 v3.3 Provides the ifpdf switch
)
Package pdftexcmds Info: LuaTeX not detected.
Package pdftexcmds Info: \pdf@primitive is available.
Package pdftexcmds Info: \pdf@ifprimitive is available.
Package pdftexcmds Info: \pdfdraftmode found.
)
Package epstopdf-base Info: Redefining graphics rule for `.eps' on input line 4
38.
Package grfext Info: Graphics extension search list:
(grfext)             [.pdf,.png,.jpg,.mps,.jpeg,.jbig2,.jb2,.PDF,.PNG,.JPG,.JPE
G,.JBIG2,.JB2,.eps]
(grfext)             \AppendGraphicsExtensions on input line 456.

(/usr/local/texlive/2019/texmf-dist/tex/latex/latexconfig/epstopdf-sys.cfg
File: epstopdf-sys.cfg 2010/07/13 v1.3 Configuration of (r)epstopdf for TeX Liv
e
))
Now handling font encoding TS1 ...
... processing UTF-8 mapping file for font encoding TS1

(/usr/local/texlive/2019/texmf-dist/tex/latex/base/ts1enc.dfu
File: ts1enc.dfu 2018/10/05 v1.2f UTF-8 support for inputenc
   defining Unicode char U+00A2 (decimal 162)
   defining Unicode char U+00A3 (decimal 163)
   defining Unicode char U+00A4 (decimal 164)
   defining Unicode char U+00A5 (decimal 165)
   defining Unicode char U+00A6 (decimal 166)
   defining Unicode char U+00A7 (decimal 167)
   defining Unicode char U+00A8 (decimal 168)
   defining Unicode char U+00A9 (decimal 169)
   defining Unicode char U+00AA (decimal 170)
   defining Unicode char U+00AC (decimal 172)
   defining Unicode char U+00AE (decimal 174)
   defining Unicode char U+00AF (decimal 175)
   defining Unicode char U+00B0 (decimal 176)
   defining Unicode char U+00B1 (decimal 177)
   defining Unicode char U+00B2 (decimal 178)
   defining Unicode char U+00B3 (decimal 179)
   defining Unicode char U+00B4 (decimal 180)
   defining Unicode char U+00B5 (decimal 181)
   defining Unicode char U+00B6 (decimal 182)
   defining Unicode char U+00B7 (decimal 183)
   defining Unicode char U+00B9 (decimal 185)
   defining Unicode char U+00BA (decimal 186)
   defining Unicode char U+00BC (decimal 188)
   defining Unicode char U+00BD (decimal 189)
   defining Unicode char U+00BE (decimal 190)
   defining Unicode char U+00D7 (decimal 215)
   defining Unicode char U+00F7 (decimal 247)
   defining Unicode char U+0192 (decimal 402)
   defining Unicode char U+02C7 (decimal 711)
   defining Unicode char U+02D8 (decimal 728)
   defining Unicode char U+02DD (decimal 733)
   defining Unicode char U+0E3F (decimal 3647)
   defining Unicode char U+2016 (decimal 8214)
   defining Unicode char U+2020 (decimal 8224)
   defining Unicode char U+2021 (decimal 8225)
   defining Unicode char U+2022 (decimal 8226)
   defining Unicode char U+2030 (decimal 8240)
   defining Unicode char U+2031 (decimal 8241)
   defining Unicode char U+203B (decimal 8251)
   defining Unicode char U+203D (decimal 8253)
   defining Unicode char U+2044 (decimal 8260)
   defining Unicode char U+204E (decimal 8270)
   defining Unicode char U+2052 (decimal 8274)
   defining Unicode char U+20A1 (decimal 8353)
   defining Unicode char U+20A4 (decimal 8356)
   defining Unicode char U+20A6 (decimal 8358)
   defining Unicode char U+20A9 (decimal 8361)
   defining Unicode char U+20AB (decimal 8363)
   defining Unicode char U+20AC (decimal 8364)
   defining Unicode char U+20B1 (decimal 8369)
   defining Unicode char U+2103 (decimal 8451)
   defining Unicode char U+2116 (decimal 8470)
   defining Unicode char U+2117 (decimal 8471)
   defining Unicode char U+211E (decimal 8478)
   defining Unicode char U+2120 (decimal 8480)
   defining Unicode char U+2122 (decimal 8482)
   defining Unicode char U+2126 (decimal 8486)
   defining Unicode char U+2127 (decimal 8487)
   defining Unicode char U+212E (decimal 8494)
   defining Unicode char U+2190 (decimal 8592)
   defining Unicode char U+2191 (decimal 8593)
   defining Unicode char U+2192 (decimal 8594)
   defining Unicode char U+2193 (decimal 8595)
   defining Unicode char U+2329 (decimal 9001)
   defining Unicode char U+232A (decimal 9002)
   defining Unicode char U+2422 (decimal 9250)
   defining Unicode char U+25E6 (decimal 9702)
   defining Unicode char U+25EF (decimal 9711)
   defining Unicode char U+266A (decimal 9834)
   defining Unicode char U+FEFF (decimal 65279)
)
(/usr/local/texlive/2019/texmf-dist/tex/latex/translator/translator-basic-dicti
onary-English.dict
Dictionary: translator-basic-dictionary, Language: English 
)
(/usr/local/texlive/2019/texmf-dist/tex/latex/siunitx/siunitx-abbreviations.cfg
File: siunitx-abbreviations.cfg 2017/11/26 v2.7k siunitx: Abbreviated units
)
LaTeX Font Info:    External font `cmex10' loaded for size
(Font)              <7> on input line 18.
LaTeX Font Info:    External font `cmex10' loaded for size
(Font)              <5> on input line 18.
LaTeX Font Info:    External font `cmex10' loaded for size
(Font)              <12> on input line 22.
LaTeX Font Info:    External font `cmex10' loaded for size
(Font)              <8> on input line 22.
LaTeX Font Info:    External font `cmex10' loaded for size
(Font)              <6> on input line 22.
 [1

{/usr/local/texlive/2019/texmf-var/fonts/map/pdftex/updmap/pdftex.map}]
(./labmanual.toc [2

])
\tf@toc=\write3
\openout3 = `labmanual.toc'.

 (./localdistance.tex [3]
Lab 1.
(figs/calvin-sun.eps
)
(figs/localdistance1.eps
)

Underfull \vbox (badness 10000) has occurred while \output is active []

 [4


Non-PDF special ignored!
<special> PSfile=figs/calvin-sun.eps llx=0 lly=0 urx=551 ury=717 rwi=2160 
]
LaTeX Font Info:    Try loading font information for OMS+cmr on input line 29.
 (/usr/local/texlive/2019/texmf-dist/tex/latex/base/omscmr.fd
File: omscmr.fd 2014/09/29 v2.5h Standard LaTeX font definitions
)
LaTeX Font Info:    Font shape `OMS/cmr/m/n' in size <10> not available
(Font)              Font shape `OMS/cmsy/m/n' tried instead on input line 29.
 [5
Non-PDF special ignored!
<special> PSfile=figs/localdistance1.eps llx=0 lly=0 urx=614 ury=94 rwi=432...
]) (./angularsize.tex [6]
Lab 2.
(figs/localdistance1.eps
)
(figs/angularsizefig1.eps
)
(figs/angularsizefig2.eps
)

Overfull \hbox (27.09593pt too wide) in paragraph at lines 55--57
[][]
 []


Underfull \vbox (badness 1803) has occurred while \output is active []

 [7


Non-PDF special ignored!
<special> PSfile=figs/localdistance1.eps llx=0 lly=0 urx=614 ury=94 rwi=432...
Non-PDF special ignored!
<special> PSfile=figs/angularsizefig1.eps llx=0 lly=0 urx=304 ury=46 rwi=30...
]
(figs/angularsizefig3.eps
)

Underfull \vbox (badness 10000) has occurred while \output is active []

 [8
Non-PDF special ignored!
<special> PSfile=figs/angularsizefig2.eps llx=0 lly=0 urx=459 ury=74 rwi=45...
Non-PDF special ignored!
<special> PSfile=figs/angularsizefig3.eps llx=0 lly=0 urx=307 ury=289 rwi=1...
]
Underfull \vbox (badness 4531) has occurred while \output is active []

 [9])
(./resolution.tex [10]
Lab 3.

Underfull \vbox (badness 10000) has occurred while \output is active []

 [11

]
Underfull \vbox (badness 10000) has occurred while \output is active []

 [12]
[13]) (./stellarium1.tex [14]
Lab 4.
[15

]
Underfull \vbox (badness 10000) has occurred while \output is active []

 [16]
Underfull \vbox (badness 6252) has occurred while \output is active []

 [17])
(./solarcell.tex [18]
Lab 5.

Underfull \vbox (badness 10000) has occurred while \output is active []

 [19

]
[20]
Package epstopdf Info: Source file: <figs/solarcellfig.eps>
(epstopdf)                    date: 2006-07-20 17:23:48
(epstopdf)                    size: 5328 bytes
(epstopdf)             Output file: <figs/solarcellfig-eps-converted-to.pdf>
(epstopdf)                    date: 2019-12-16 14:21:58
(epstopdf)                    size: 7132 bytes
(epstopdf)             Command: <repstopdf --outfile=figs/solarcellfig-eps-conv
erted-to.pdf figs/solarcellfig.eps>
(epstopdf)             \includegraphics on input line 123.
Package epstopdf Info: Output file is already uptodate.
<figs/solarcellfig-eps-converted-to.pdf, id=79, 338.26375pt x 269.005pt>
File: figs/solarcellfig-eps-converted-to.pdf Graphic file (type pdf)
<use figs/solarcellfig-eps-converted-to.pdf>
Package pdftex.def Info: figs/solarcellfig-eps-converted-to.pdf  used on input 
line 123.
(pdftex.def)             Requested size: 338.26291pt x 269.00433pt.
Package epstopdf Info: Source file: <figs/capstone-record.eps>
(epstopdf)                    date: 2019-12-16 16:27:23
(epstopdf)                    size: 28379 bytes
(epstopdf)             Output file: <figs/capstone-record-eps-converted-to.pdf>

(epstopdf)                    date: 2020-07-31 14:20:30
(epstopdf)                    size: 4696 bytes
(epstopdf)             Command: <repstopdf --outfile=figs/capstone-record-eps-c
onverted-to.pdf figs/capstone-record.eps>
(epstopdf)             \includegraphics on input line 126.
Package epstopdf Info: Output file is already uptodate.
<figs/capstone-record-eps-converted-to.pdf, id=80, 22.0825pt x 26.0975pt>
File: figs/capstone-record-eps-converted-to.pdf Graphic file (type pdf)
<use figs/capstone-record-eps-converted-to.pdf>
Package pdftex.def Info: figs/capstone-record-eps-converted-to.pdf  used on inp
ut line 126.
(pdftex.def)             Requested size: 14.45377pt x 17.08183pt.
Package epstopdf Info: Source file: <figs/capstone-select.eps>
(epstopdf)                    date: 2019-12-16 16:27:25
(epstopdf)                    size: 12160 bytes
(epstopdf)             Output file: <figs/capstone-select-eps-converted-to.pdf>

(epstopdf)                    date: 2020-07-31 14:20:30
(epstopdf)                    size: 4046 bytes
(epstopdf)             Command: <repstopdf --outfile=figs/capstone-select-eps-c
onverted-to.pdf figs/capstone-select.eps>
(epstopdf)             \includegraphics on input line 137.
Package epstopdf Info: Output file is already uptodate.
<figs/capstone-select-eps-converted-to.pdf, id=81, 15.05624pt x 11.04124pt>
File: figs/capstone-select-eps-converted-to.pdf Graphic file (type pdf)
<use figs/capstone-select-eps-converted-to.pdf>
Package pdftex.def Info: figs/capstone-select-eps-converted-to.pdf  used on inp
ut line 137.
(pdftex.def)             Requested size: 14.45377pt x 10.59962pt.

Underfull \vbox (badness 10000) has occurred while \output is active []

 [21 <./figs/solarcellfig-eps-converted-to.pdf> <./figs/capstone-record-eps-con
verted-to.pdf> <./figs/capstone-select-eps-converted-to.pdf>]) (./navigation-st
ell.tex
[22]
Lab 6.
[23

]
Underfull \vbox (badness 10000) has occurred while \output is active []

 [24]
[25]
Underfull \vbox (badness 10000) has occurred while \output is active []

 [26])
(./moon.tex [27]
Lab 7.

Underfull \vbox (badness 3343) has occurred while \output is active []

 [28

]
[29]) (./retrograde.tex [30]
Lab 8.

Underfull \vbox (badness 10000) has occurred while \output is active []

 [31

]
Underfull \vbox (badness 10000) has occurred while \output is active []

 [32])
(./periods.tex
Underfull \vbox (badness 10000) has occurred while \output is active []

 [33]
Lab 9.

Overfull \hbox (1.8539pt too wide) detected at line 45
[] \OT1/cmr/m/n/10 =  [] =  [] = 
 []

[34

]
Underfull \vbox (badness 10000) has occurred while \output is active []

 [35])
(./jupitermoons.tex [36]
Lab 10.
[37

] [38]) (./phasesofvenus.tex [39]
Lab 11.

Underfull \vbox (badness 10000) has occurred while \output is active []

 [40

]
(figs/venus1.eps
)

Underfull \vbox (badness 10000) has occurred while \output is active []

 [41
Non-PDF special ignored!
<special> PSfile=figs/venus1.eps llx=0 lly=0 urx=290 ury=319 rwi=2160 
]
(figs/venus2.eps
)

Underfull \vbox (badness 10000) has occurred while \output is active []

 [42]
Underfull \vbox (badness 10000) has occurred while \output is active []

 [43
Non-PDF special ignored!
<special> PSfile=figs/venus2.eps llx=0 lly=0 urx=290 ury=319 rwi=2160 
]) (./kepler.tex [44]
Lab 12.

Underfull \vbox (badness 5417) has occurred while \output is active []

 [45

]
Underfull \vbox (badness 10000) has occurred while \output is active []

 [46])
(./light.tex [47]
Lab 13.
[48

]) (./diffraction.tex [49]
Lab 14.
(figs/difffig.eps
)

Underfull \vbox (badness 10000) has occurred while \output is active []

 [50

]
[51
Non-PDF special ignored!
<special> PSfile=figs/difffig.eps llx=0 lly=0 urx=435 ury=153 rwi=4350 
]) (./hydrogen.tex [52]
Lab 15.
[53

] [54]) (./lenses1.tex [55]
Lab 16.
Package epstopdf Info: Source file: <figs/lensfig1.eps>
(epstopdf)                    date: 2012-01-03 12:19:41
(epstopdf)                    size: 3712 bytes
(epstopdf)             Output file: <figs/lensfig1-eps-converted-to.pdf>
(epstopdf)                    date: 2019-12-16 14:21:59
(epstopdf)                    size: 4958 bytes
(epstopdf)             Command: <repstopdf --outfile=figs/lensfig1-eps-converte
d-to.pdf figs/lensfig1.eps>
(epstopdf)             \includegraphics on input line 19.
Package epstopdf Info: Output file is already uptodate.
<figs/lensfig1-eps-converted-to.pdf, id=208, 305.14pt x 141.52875pt>
File: figs/lensfig1-eps-converted-to.pdf Graphic file (type pdf)
<use figs/lensfig1-eps-converted-to.pdf>
Package pdftex.def Info: figs/lensfig1-eps-converted-to.pdf  used on input line
 19.
(pdftex.def)             Requested size: 216.81pt x 100.56384pt.
(figs/lensfig2.eps
)
[56


Non-PDF special ignored!
<special> PSfile=figs/lensfig2.eps llx=0 lly=0 urx=384 ury=141 rwi=2160 
 <./figs/lensfig1-eps-converted-to.pdf>]
(figs/lensfig3.eps
)

Underfull \vbox (badness 10000) has occurred while \output is active []

 [57
Non-PDF special ignored!
<special> PSfile=figs/lensfig3.eps llx=0 lly=0 urx=384 ury=188 rwi=2160 
]
(figs/lensfig4.eps
)

Underfull \vbox (badness 10000) has occurred while \output is active []

 [58
Non-PDF special ignored!
<special> PSfile=figs/lensfig4.eps llx=0 lly=0 urx=429 ury=73 rwi=2160 
]) (./lenses.tex [59]
Lab 17.
[60

]
Underfull \vbox (badness 4181) has occurred while \output is active []

 [61])
(./telescope.tex [62]
Lab 18.
(figs/telescopefig1.eps
)
[63


Non-PDF special ignored!
<special> PSfile=figs/telescopefig1.eps llx=0 lly=0 urx=555 ury=112 rwi=555...
]
Underfull \vbox (badness 10000) has occurred while \output is active []

 [64]
Underfull \vbox (badness 10000) has occurred while \output is active []

 [65]
Underfull \vbox (badness 10000) has occurred while \output is active []

 [66])
(./stefan.tex [67]
Lab 19.
Package epstopdf Info: Source file: <figs/stefan1.eps>
(epstopdf)                    date: 2019-02-13 13:24:10
(epstopdf)                    size: 629998 bytes
(epstopdf)             Output file: <figs/stefan1-eps-converted-to.pdf>
(epstopdf)                    date: 2020-07-31 14:20:31
(epstopdf)                    size: 7210 bytes
(epstopdf)             Command: <repstopdf --outfile=figs/stefan1-eps-converted
-to.pdf figs/stefan1.eps>
(epstopdf)             \includegraphics on input line 16.
Package epstopdf Info: Output file is already uptodate.
<figs/stefan1-eps-converted-to.pdf, id=253, 274.02374pt x 195.73125pt>
File: figs/stefan1-eps-converted-to.pdf Graphic file (type pdf)
<use figs/stefan1-eps-converted-to.pdf>
Package pdftex.def Info: figs/stefan1-eps-converted-to.pdf  used on input line 
16.
(pdftex.def)             Requested size: 274.02307pt x 195.73076pt.
[68

 <./figs/stefan1-eps-converted-to.pdf>] [69] [70] [71]
Package epstopdf Info: Source file: <figs/stefan2.eps>
(epstopdf)                    date: 2017-02-01 16:31:10
(epstopdf)                    size: 404356 bytes
(epstopdf)             Output file: <figs/stefan2-eps-converted-to.pdf>
(epstopdf)                    date: 2020-07-31 14:20:31
(epstopdf)                    size: 38510 bytes
(epstopdf)             Command: <repstopdf --outfile=figs/stefan2-eps-converted
-to.pdf figs/stefan2.eps>
(epstopdf)             \includegraphics on input line 179.
Package epstopdf Info: Output file is already uptodate.
<figs/stefan2-eps-converted-to.pdf, id=269, 432.61626pt x 511.9125pt>
File: figs/stefan2-eps-converted-to.pdf Graphic file (type pdf)
<use figs/stefan2-eps-converted-to.pdf>
Package pdftex.def Info: figs/stefan2-eps-converted-to.pdf  used on input line 
179.
(pdftex.def)             Requested size: 432.6152pt x 511.91125pt.

Underfull \vbox (badness 10000) has occurred while \output is active []

 [72 <./figs/stefan2-eps-converted-to.pdf>]) (./solar.tex [73]
Lab 20.
[74

] [75] [76]) (./sun-energy.tex
Lab 21.

Underfull \vbox (badness 10000) has occurred while \output is active []

 [77

]
Underfull \vbox (badness 10000) has occurred while \output is active []

 [78]
Underfull \vbox (badness 10000) has occurred while \output is active []

 [79])
(./parallax.tex [80]
Lab 22.
Package epstopdf Info: Source file: <figs/parallax.eps>
(epstopdf)                    date: 2012-01-03 11:50:11
(epstopdf)                    size: 4555 bytes
(epstopdf)             Output file: <figs/parallax-eps-converted-to.pdf>
(epstopdf)                    date: 2019-12-16 14:21:59
(epstopdf)                    size: 7853 bytes
(epstopdf)             Command: <repstopdf --outfile=figs/parallax-eps-converte
d-to.pdf figs/parallax.eps>
(epstopdf)             \includegraphics on input line 50.
Package epstopdf Info: Output file is already uptodate.
<figs/parallax-eps-converted-to.pdf, id=302, 255.95625pt x 110.4125pt>
File: figs/parallax-eps-converted-to.pdf Graphic file (type pdf)
<use figs/parallax-eps-converted-to.pdf>
Package pdftex.def Info: figs/parallax-eps-converted-to.pdf  used on input line
 50.
(pdftex.def)             Requested size: 289.07999pt x 124.70906pt.

Underfull \vbox (badness 1371) has occurred while \output is active []

 [81

]
Package epstopdf Info: Source file: <figs/parallax2.eps>
(epstopdf)                    date: 2012-01-02 17:37:08
(epstopdf)                    size: 5347 bytes
(epstopdf)             Output file: <figs/parallax2-eps-converted-to.pdf>
(epstopdf)                    date: 2019-12-16 14:22:00
(epstopdf)                    size: 8097 bytes
(epstopdf)             Command: <repstopdf --outfile=figs/parallax2-eps-convert
ed-to.pdf figs/parallax2.eps>
(epstopdf)             \includegraphics on input line 83.
Package epstopdf Info: Output file is already uptodate.
<figs/parallax2-eps-converted-to.pdf, id=306, 576.1525pt x 208.78pt>
File: figs/parallax2-eps-converted-to.pdf Graphic file (type pdf)
<use figs/parallax2-eps-converted-to.pdf>
Package pdftex.def Info: figs/parallax2-eps-converted-to.pdf  used on input lin
e 83.
(pdftex.def)             Requested size: 433.62pt x 157.13573pt.

[82 <./figs/parallax-eps-converted-to.pdf> <./figs/parallax2-eps-converted-to.p
df>]
Underfull \vbox (badness 10000) has occurred while \output is active []

 [83])
(./hr.tex [84]
Lab 23.

Underfull \vbox (badness 10000) has occurred while \output is active []

 [85

])
(./binaries2.tex [86]
Lab 24.
[87

]
Underfull \vbox (badness 10000) has occurred while \output is active []

 [88]
[89]) (./binarycalcs.tex [90]
Lab 25.
Package epstopdf Info: Source file: <figs/binary1.eps>
(epstopdf)                    date: 2019-12-16 16:44:08
(epstopdf)                    size: 68141 bytes
(epstopdf)             Output file: <figs/binary1-eps-converted-to.pdf>
(epstopdf)                    date: 2020-07-31 14:20:32
(epstopdf)                    size: 27929 bytes
(epstopdf)             Command: <repstopdf --outfile=figs/binary1-eps-converted
-to.pdf figs/binary1.eps>
(epstopdf)             \includegraphics on input line 9.
Package epstopdf Info: Output file is already uptodate.
<figs/binary1-eps-converted-to.pdf, id=354, 360.34625pt x 189.70876pt>
File: figs/binary1-eps-converted-to.pdf Graphic file (type pdf)
<use figs/binary1-eps-converted-to.pdf>
Package pdftex.def Info: figs/binary1-eps-converted-to.pdf  used on input line 
9.
(pdftex.def)             Requested size: 361.34999pt x 190.238pt.

Underfull \vbox (badness 10000) has occurred while \output is active []

 [91

 <./figs/binary1-eps-converted-to.pdf>] [92]
Package epstopdf Info: Source file: <figs/binary2.eps>
(epstopdf)                    date: 2019-12-16 16:44:11
(epstopdf)                    size: 22038 bytes
(epstopdf)             Output file: <figs/binary2-eps-converted-to.pdf>
(epstopdf)                    date: 2020-07-31 14:20:32
(epstopdf)                    size: 10305 bytes
(epstopdf)             Command: <repstopdf --outfile=figs/binary2-eps-converted
-to.pdf figs/binary2.eps>
(epstopdf)             \includegraphics on input line 82.
Package epstopdf Info: Output file is already uptodate.
<figs/binary2-eps-converted-to.pdf, id=376, 347.2975pt x 174.6525pt>
File: figs/binary2-eps-converted-to.pdf Graphic file (type pdf)
<use figs/binary2-eps-converted-to.pdf>
Package pdftex.def Info: figs/binary2-eps-converted-to.pdf  used on input line 
82.
(pdftex.def)             Requested size: 289.07999pt x 145.37993pt.
) (./pna.tex [93 <./figs/binary2-eps-converted-to.pdf>]
Lab 26.

! LaTeX Error: Unknown graphics extension: .epsi.

See the LaTeX manual or LaTeX Companion for explanation.
Type  H <return>  for immediate help.
 ...                                              
                                                  
l.6 ...degraphics[height=6in]{planetary/pna1.epsi}
                                                  
Try typing  <return>  to proceed.
If that doesn't work, type  X <return>  to quit.


! LaTeX Error: Unknown graphics extension: .epsi.

See the LaTeX manual or LaTeX Companion for explanation.
Type  H <return>  for immediate help.
 ...                                              
                                                  
l.8 ...degraphics[height=7in]{planetary/pna2.epsi}
                                                  
Try typing  <return>  to proceed.
If that doesn't work, type  X <return>  to quit.


! LaTeX Error: Unknown graphics extension: .epsi.

See the LaTeX manual or LaTeX Companion for explanation.
Type  H <return>  for immediate help.
 ...                                              
                                                  
l.10 ...egraphics[height=7in]{planetary/pna3.epsi}
                                                  
Try typing  <return>  to proceed.
If that doesn't work, type  X <return>  to quit.


! LaTeX Error: Unknown graphics extension: .epsi.

See the LaTeX manual or LaTeX Companion for explanation.
Type  H <return>  for immediate help.
 ...                                              
                                                  
l.12 ...egraphics[height=7in]{planetary/pna4.epsi}
                                                  
Try typing  <return>  to proceed.
If that doesn't work, type  X <return>  to quit.

) (./pnb.tex [94

]
Lab 27.

! LaTeX Error: Unknown graphics extension: .epsi.

See the LaTeX manual or LaTeX Companion for explanation.
Type  H <return>  for immediate help.
 ...                                              
                                                  
l.5 ...degraphics[height=6in]{planetary/pnb1.epsi}
                                                  
Try typing  <return>  to proceed.
If that doesn't work, type  X <return>  to quit.


! LaTeX Error: Unknown graphics extension: .epsi.

See the LaTeX manual or LaTeX Companion for explanation.
Type  H <return>  for immediate help.
 ...                                              
                                                  
l.7 ...degraphics[height=8in]{planetary/pnb2.epsi}
                                                  
Try typing  <return>  to proceed.
If that doesn't work, type  X <return>  to quit.


! LaTeX Error: Unknown graphics extension: .epsi.

See the LaTeX manual or LaTeX Companion for explanation.
Type  H <return>  for immediate help.
 ...                                              
                                                  
l.9 ...degraphics[height=7in]{planetary/pnb4.epsi}
                                                  
Try typing  <return>  to proceed.
If that doesn't work, type  X <return>  to quit.

) (./pulsars.tex [95

]
Lab 28.
Package epstopdf Info: Source file: <wordtops/pulsar1.eps>
(epstopdf)                    date: 2006-07-20 17:23:50
(epstopdf)                    size: 1651036 bytes
(epstopdf)             Output file: <wordtops/pulsar1-eps-converted-to.pdf>
(epstopdf)                    date: 2019-12-16 14:22:00
(epstopdf)                    size: 323627 bytes
(epstopdf)             Command: <repstopdf --outfile=wordtops/pulsar1-eps-conve
rted-to.pdf wordtops/pulsar1.eps>
(epstopdf)             \includegraphics on input line 3.
Package epstopdf Info: Output file is already uptodate.
<wordtops/pulsar1-eps-converted-to.pdf, id=392, 434.62375pt x 629.35126pt>
File: wordtops/pulsar1-eps-converted-to.pdf Graphic file (type pdf)
<use wordtops/pulsar1-eps-converted-to.pdf>
Package pdftex.def Info: wordtops/pulsar1-eps-converted-to.pdf  used on input l
ine 3.
(pdftex.def)             Requested size: 299.453pt x 433.62pt.
Package epstopdf Info: Source file: <wordtops/pulsar2.eps>
(epstopdf)                    date: 2006-07-20 17:23:52
(epstopdf)                    size: 635199 bytes
(epstopdf)             Output file: <wordtops/pulsar2-eps-converted-to.pdf>
(epstopdf)                    date: 2019-12-16 14:22:01
(epstopdf)                    size: 20018 bytes
(epstopdf)             Command: <repstopdf --outfile=wordtops/pulsar2-eps-conve
rted-to.pdf wordtops/pulsar2.eps>
(epstopdf)             \includegraphics on input line 5.
Package epstopdf Info: Output file is already uptodate.
<wordtops/pulsar2-eps-converted-to.pdf, id=393, 437.635pt x 667.49374pt>
File: wordtops/pulsar2-eps-converted-to.pdf Graphic file (type pdf)
<use wordtops/pulsar2-eps-converted-to.pdf>
Package pdftex.def Info: wordtops/pulsar2-eps-converted-to.pdf  used on input l
ine 5.
(pdftex.def)             Requested size: 426.48206pt x 650.43pt.

Underfull \vbox (badness 10000) has occurred while \output is active []

 [96

 <./wordtops/pulsar1-eps-converted-to.pdf>]
Package epstopdf Info: Source file: <wordtops/pulsar3.eps>
(epstopdf)                    date: 2006-07-20 17:23:52
(epstopdf)                    size: 676687 bytes
(epstopdf)             Output file: <wordtops/pulsar3-eps-converted-to.pdf>
(epstopdf)                    date: 2019-12-16 14:22:01
(epstopdf)                    size: 33043 bytes
(epstopdf)             Command: <repstopdf --outfile=wordtops/pulsar3-eps-conve
rted-to.pdf wordtops/pulsar3.eps>
(epstopdf)             \includegraphics on input line 7.
Package epstopdf Info: Output file is already uptodate.
<wordtops/pulsar3-eps-converted-to.pdf, id=407, 437.635pt x 652.4375pt>
File: wordtops/pulsar3-eps-converted-to.pdf Graphic file (type pdf)
<use wordtops/pulsar3-eps-converted-to.pdf>
Package pdftex.def Info: wordtops/pulsar3-eps-converted-to.pdf  used on input l
ine 7.
(pdftex.def)             Requested size: 436.32507pt x 650.43pt.

Overfull \hbox (2.70508pt too wide) in paragraph at lines 7--8
[][] 
 []

[97 <./wordtops/pulsar2-eps-converted-to.pdf>]
Package epstopdf Info: Source file: <wordtops/pulsar4.eps>
(epstopdf)                    date: 2006-07-20 17:23:52
(epstopdf)                    size: 660310 bytes
(epstopdf)             Output file: <wordtops/pulsar4-eps-converted-to.pdf>
(epstopdf)                    date: 2019-12-16 14:22:02
(epstopdf)                    size: 32458 bytes
(epstopdf)             Command: <repstopdf --outfile=wordtops/pulsar4-eps-conve
rted-to.pdf wordtops/pulsar4.eps>
(epstopdf)             \includegraphics on input line 9.
Package epstopdf Info: Output file is already uptodate.
<wordtops/pulsar4-eps-converted-to.pdf, id=423, 437.635pt x 660.4675pt>
File: wordtops/pulsar4-eps-converted-to.pdf Graphic file (type pdf)
<use wordtops/pulsar4-eps-converted-to.pdf>
Package pdftex.def Info: wordtops/pulsar4-eps-converted-to.pdf  used on input l
ine 9.
(pdftex.def)             Requested size: 430.99622pt x 650.43pt.
 [98 <./wordtops/pulsar3-eps-converted-to.pdf>]
Package epstopdf Info: Source file: <wordtops/pulsar5.eps>
(epstopdf)                    date: 2006-07-20 17:23:52
(epstopdf)                    size: 661584 bytes
(epstopdf)             Output file: <wordtops/pulsar5-eps-converted-to.pdf>
(epstopdf)                    date: 2019-12-16 14:22:02
(epstopdf)                    size: 29932 bytes
(epstopdf)             Command: <repstopdf --outfile=wordtops/pulsar5-eps-conve
rted-to.pdf wordtops/pulsar5.eps>
(epstopdf)             \includegraphics on input line 11.
Package epstopdf Info: Output file is already uptodate.
<wordtops/pulsar5-eps-converted-to.pdf, id=443, 437.635pt x 655.44875pt>
File: wordtops/pulsar5-eps-converted-to.pdf Graphic file (type pdf)
<use wordtops/pulsar5-eps-converted-to.pdf>
Package pdftex.def Info: wordtops/pulsar5-eps-converted-to.pdf  used on input l
ine 11.
(pdftex.def)             Requested size: 434.28836pt x 650.43pt.

Overfull \hbox (0.66837pt too wide) in paragraph at lines 11--12
[][] 
 []

[99 <./wordtops/pulsar4-eps-converted-to.pdf>]
Package epstopdf Info: Source file: <wordtops/pulsar6.eps>
(epstopdf)                    date: 2019-12-16 15:16:36
(epstopdf)                    size: 389329 bytes
(epstopdf)             Output file: <wordtops/pulsar6-eps-converted-to.pdf>
(epstopdf)                    date: 2019-12-16 16:22:01
(epstopdf)                    size: 103389 bytes
(epstopdf)             Command: <repstopdf --outfile=wordtops/pulsar6-eps-conve
rted-to.pdf wordtops/pulsar6.eps>
(epstopdf)             \includegraphics on input line 13.
Package epstopdf Info: Output file is already uptodate.
<wordtops/pulsar6-eps-converted-to.pdf, id=463, 614.295pt x 794.97pt>
File: wordtops/pulsar6-eps-converted-to.pdf Graphic file (type pdf)
<use wordtops/pulsar6-eps-converted-to.pdf>
Package pdftex.def Info: wordtops/pulsar6-eps-converted-to.pdf  used on input l
ine 13.
(pdftex.def)             Requested size: 502.6191pt x 650.43pt.

Overfull \hbox (68.9991pt too wide) in paragraph at lines 13--14
[][] 
 []

[100 <./wordtops/pulsar5-eps-converted-to.pdf>]
Package epstopdf Info: Source file: <wordtops/pulsar7.eps>
(epstopdf)                    date: 2006-07-20 17:23:52
(epstopdf)                    size: 655825 bytes
(epstopdf)             Output file: <wordtops/pulsar7-eps-converted-to.pdf>
(epstopdf)                    date: 2019-12-16 14:22:03
(epstopdf)                    size: 23589 bytes
(epstopdf)             Command: <repstopdf --outfile=wordtops/pulsar7-eps-conve
rted-to.pdf wordtops/pulsar7.eps>
(epstopdf)             \includegraphics on input line 15.
Package epstopdf Info: Output file is already uptodate.
<wordtops/pulsar7-eps-converted-to.pdf, id=483, 437.635pt x 673.51625pt>
File: wordtops/pulsar7-eps-converted-to.pdf Graphic file (type pdf)
<use wordtops/pulsar7-eps-converted-to.pdf>
Package pdftex.def Info: wordtops/pulsar7-eps-converted-to.pdf  used on input l
ine 15.
(pdftex.def)             Requested size: 422.64233pt x 650.43pt.
 [101 <./wordtops/pulsar6-eps-converted-to.pdf>]
Package epstopdf Info: Source file: <wordtops/pulsar8.eps>
(epstopdf)                    date: 2006-07-20 17:23:52
(epstopdf)                    size: 551615 bytes
(epstopdf)             Output file: <wordtops/pulsar8-eps-converted-to.pdf>
(epstopdf)                    date: 2019-12-16 14:22:03
(epstopdf)                    size: 19779 bytes
(epstopdf)             Command: <repstopdf --outfile=wordtops/pulsar8-eps-conve
rted-to.pdf wordtops/pulsar8.eps>
(epstopdf)             \includegraphics on input line 17.
Package epstopdf Info: Output file is already uptodate.
<wordtops/pulsar8-eps-converted-to.pdf, id=513, 437.635pt x 575.14874pt>
File: wordtops/pulsar8-eps-converted-to.pdf Graphic file (type pdf)
<use wordtops/pulsar8-eps-converted-to.pdf>
Package pdftex.def Info: wordtops/pulsar8-eps-converted-to.pdf  used on input l
ine 17.
(pdftex.def)             Requested size: 439.93774pt x 578.15999pt.

Overfull \hbox (6.31775pt too wide) in paragraph at lines 17--18
[][] 
 []

[102 <./wordtops/pulsar7-eps-converted-to.pdf>]
Package epstopdf Info: Source file: <wordtops/pulsar9.eps>
(epstopdf)                    date: 2006-07-20 17:23:52
(epstopdf)                    size: 642440 bytes
(epstopdf)             Output file: <wordtops/pulsar9-eps-converted-to.pdf>
(epstopdf)                    date: 2019-12-16 14:22:04
(epstopdf)                    size: 24372 bytes
(epstopdf)             Command: <repstopdf --outfile=wordtops/pulsar9-eps-conve
rted-to.pdf wordtops/pulsar9.eps>
(epstopdf)             \includegraphics on input line 19.
Package epstopdf Info: Output file is already uptodate.
<wordtops/pulsar9-eps-converted-to.pdf, id=530, 445.665pt x 661.47125pt>
File: wordtops/pulsar9-eps-converted-to.pdf Graphic file (type pdf)
<use wordtops/pulsar9-eps-converted-to.pdf>
Package pdftex.def Info: wordtops/pulsar9-eps-converted-to.pdf  used on input l
ine 19.
(pdftex.def)             Requested size: 438.24478pt x 650.43pt.

Overfull \hbox (4.62479pt too wide) in paragraph at lines 19--20
[][] 
 []


Underfull \vbox (badness 10000) has occurred while \output is active []

 [103 <./wordtops/pulsar8-eps-converted-to.pdf>]
Package epstopdf Info: Source file: <wordtops/pulsar10.eps>
(epstopdf)                    date: 2006-07-20 17:23:52
(epstopdf)                    size: 665095 bytes
(epstopdf)             Output file: <wordtops/pulsar10-eps-converted-to.pdf>
(epstopdf)                    date: 2019-12-16 14:22:04
(epstopdf)                    size: 27783 bytes
(epstopdf)             Command: <repstopdf --outfile=wordtops/pulsar10-eps-conv
erted-to.pdf wordtops/pulsar10.eps>
(epstopdf)             \includegraphics on input line 21.
Package epstopdf Info: Output file is already uptodate.
<wordtops/pulsar10-eps-converted-to.pdf, id=546, 437.635pt x 675.52374pt>
File: wordtops/pulsar10-eps-converted-to.pdf Graphic file (type pdf)
<use wordtops/pulsar10-eps-converted-to.pdf>
Package pdftex.def Info: wordtops/pulsar10-eps-converted-to.pdf  used on input 
line 21.
(pdftex.def)             Requested size: 421.38692pt x 650.43pt.
 [104 <./wordtops/pulsar9-eps-converted-to.pdf>]
Package epstopdf Info: Source file: <wordtops/pulsar11.eps>
(epstopdf)                    date: 2006-07-20 17:23:52
(epstopdf)                    size: 548608 bytes
(epstopdf)             Output file: <wordtops/pulsar11-eps-converted-to.pdf>
(epstopdf)                    date: 2019-12-16 14:22:04
(epstopdf)                    size: 24995 bytes
(epstopdf)             Command: <repstopdf --outfile=wordtops/pulsar11-eps-conv
erted-to.pdf wordtops/pulsar11.eps>
(epstopdf)             \includegraphics on input line 23.
Package epstopdf Info: Output file is already uptodate.
<wordtops/pulsar11-eps-converted-to.pdf, id=564, 437.635pt x 570.13pt>
File: wordtops/pulsar11-eps-converted-to.pdf Graphic file (type pdf)
<use wordtops/pulsar11-eps-converted-to.pdf>
Package pdftex.def Info: wordtops/pulsar11-eps-converted-to.pdf  used on input 
line 23.
(pdftex.def)             Requested size: 443.7975pt x 578.15999pt.

Overfull \hbox (10.1775pt too wide) in paragraph at lines 23--24
[][] 
 []

[105 <./wordtops/pulsar10-eps-converted-to.pdf>]
Package epstopdf Info: Source file: <wordtops/pulsar12.eps>
(epstopdf)                    date: 2006-07-20 17:23:52
(epstopdf)                    size: 269673 bytes
(epstopdf)             Output file: <wordtops/pulsar12-eps-converted-to.pdf>
(epstopdf)                    date: 2019-12-16 14:22:05
(epstopdf)                    size: 16602 bytes
(epstopdf)             Command: <repstopdf --outfile=wordtops/pulsar12-eps-conv
erted-to.pdf wordtops/pulsar12.eps>
(epstopdf)             \includegraphics on input line 25.
Package epstopdf Info: Output file is already uptodate.
<wordtops/pulsar12-eps-converted-to.pdf, id=584, 472.76625pt x 214.8025pt>
File: wordtops/pulsar12-eps-converted-to.pdf Graphic file (type pdf)
<use wordtops/pulsar12-eps-converted-to.pdf>
Package pdftex.def Info: wordtops/pulsar12-eps-converted-to.pdf  used on input 
line 25.
(pdftex.def)             Requested size: 472.76509pt x 214.80197pt.
) (./pulsar2.tex
Overfull \hbox (39.1451pt too wide) in paragraph at lines 25--1
[][]
 []


Underfull \hbox (badness 10000) in paragraph at lines 25--1

 []


Underfull \vbox (badness 10000) has occurred while \output is active []

 [106 <./wordtops/pulsar11-eps-converted-to.pdf>] [107 <./wordtops/pulsar12-eps
-converted-to.pdf>]
Lab 29.
[108

] [109] [110] [111]) (./blackholes.tex
Lab 30.

Overfull \hbox (2.79742pt too wide) in paragraph at lines 34--38
[]\OT1/cmr/m/n/10 According to equa-tion (1) above, you can con-vert any given 
mass into the cor-re-spond-ing Schwarzschild
 []

[112

]
Underfull \vbox (badness 10000) has occurred while \output is active []

 [113]
Underfull \vbox (badness 10000) has occurred while \output is active []

 [114])
(./rotation.tex [115]
Lab 31.
[116

] [117]) (./hubble.tex [118]
Lab 32.
Package epstopdf Info: Source file: <wordtops/hubble1.eps>
(epstopdf)                    date: 2006-07-20 17:23:52
(epstopdf)                    size: 986818 bytes
(epstopdf)             Output file: <wordtops/hubble1-eps-converted-to.pdf>
(epstopdf)                    date: 2020-07-31 14:20:33
(epstopdf)                    size: 75738 bytes
(epstopdf)             Command: <repstopdf --outfile=wordtops/hubble1-eps-conve
rted-to.pdf wordtops/hubble1.eps>
(epstopdf)             \includegraphics on input line 3.
Package epstopdf Info: Output file is already uptodate.
<wordtops/hubble1-eps-converted-to.pdf, id=655, 434.62375pt x 599.23875pt>
File: wordtops/hubble1-eps-converted-to.pdf Graphic file (type pdf)
<use wordtops/hubble1-eps-converted-to.pdf>
Package pdftex.def Info: wordtops/hubble1-eps-converted-to.pdf  used on input l
ine 3.
(pdftex.def)             Requested size: 330.23126pt x 455.30121pt.
Package epstopdf Info: Source file: <wordtops/hubble2.eps>
(epstopdf)                    date: 2006-07-20 17:23:52
(epstopdf)                    size: 650958 bytes
(epstopdf)             Output file: <wordtops/hubble2-eps-converted-to.pdf>
(epstopdf)                    date: 2020-07-31 14:20:33
(epstopdf)                    size: 26863 bytes
(epstopdf)             Command: <repstopdf --outfile=wordtops/hubble2-eps-conve
rted-to.pdf wordtops/hubble2.eps>
(epstopdf)             \includegraphics on input line 5.
Package epstopdf Info: Output file is already uptodate.
<wordtops/hubble2-eps-converted-to.pdf, id=656, 437.635pt x 675.52374pt>
File: wordtops/hubble2-eps-converted-to.pdf Graphic file (type pdf)
<use wordtops/hubble2-eps-converted-to.pdf>
Package pdftex.def Info: wordtops/hubble2-eps-converted-to.pdf  used on input l
ine 5.
(pdftex.def)             Requested size: 421.38692pt x 650.43pt.

Underfull \vbox (badness 10000) has occurred while \output is active []

 [119

 <./wordtops/hubble1-eps-converted-to.pdf>]
Package epstopdf Info: Source file: <wordtops/hubble3.eps>
(epstopdf)                    date: 2006-07-20 17:23:52
(epstopdf)                    size: 655777 bytes
(epstopdf)             Output file: <wordtops/hubble3-eps-converted-to.pdf>
(epstopdf)                    date: 2020-07-31 14:20:34
(epstopdf)                    size: 25495 bytes
(epstopdf)             Command: <repstopdf --outfile=wordtops/hubble3-eps-conve
rted-to.pdf wordtops/hubble3.eps>
(epstopdf)             \includegraphics on input line 7.
Package epstopdf Info: Output file is already uptodate.
<wordtops/hubble3-eps-converted-to.pdf, id=671, 437.635pt x 683.55376pt>
File: wordtops/hubble3-eps-converted-to.pdf Graphic file (type pdf)
<use wordtops/hubble3-eps-converted-to.pdf>
Package pdftex.def Info: wordtops/hubble3-eps-converted-to.pdf  used on input l
ine 7.
(pdftex.def)             Requested size: 416.45872pt x 650.43pt.
 [120 <./wordtops/hubble2-eps-converted-to.pdf>]
Package epstopdf Info: Source file: <wordtops/hubble4.eps>
(epstopdf)                    date: 2006-07-20 17:23:52
(epstopdf)                    size: 683305 bytes
(epstopdf)             Output file: <wordtops/hubble4-eps-converted-to.pdf>
(epstopdf)                    date: 2020-07-31 14:20:34
(epstopdf)                    size: 34353 bytes
(epstopdf)             Command: <repstopdf --outfile=wordtops/hubble4-eps-conve
rted-to.pdf wordtops/hubble4.eps>
(epstopdf)             \includegraphics on input line 9.
Package epstopdf Info: Output file is already uptodate.
<wordtops/hubble4-eps-converted-to.pdf, id=689, 437.635pt x 672.5125pt>
File: wordtops/hubble4-eps-converted-to.pdf Graphic file (type pdf)
<use wordtops/hubble4-eps-converted-to.pdf>
Package pdftex.def Info: wordtops/hubble4-eps-converted-to.pdf  used on input l
ine 9.
(pdftex.def)             Requested size: 423.27005pt x 650.43pt.
 [121 <./wordtops/hubble3-eps-converted-to.pdf>]
Package epstopdf Info: Source file: <wordtops/hubble5.eps>
(epstopdf)                    date: 2006-07-20 17:23:52
(epstopdf)                    size: 658948 bytes
(epstopdf)             Output file: <wordtops/hubble5-eps-converted-to.pdf>
(epstopdf)                    date: 2020-07-31 14:20:35
(epstopdf)                    size: 29011 bytes
(epstopdf)             Command: <repstopdf --outfile=wordtops/hubble5-eps-conve
rted-to.pdf wordtops/hubble5.eps>
(epstopdf)             \includegraphics on input line 11.
Package epstopdf Info: Output file is already uptodate.
<wordtops/hubble5-eps-converted-to.pdf, id=708, 437.635pt x 660.4675pt>
File: wordtops/hubble5-eps-converted-to.pdf Graphic file (type pdf)
<use wordtops/hubble5-eps-converted-to.pdf>
Package pdftex.def Info: wordtops/hubble5-eps-converted-to.pdf  used on input l
ine 11.
(pdftex.def)             Requested size: 430.99622pt x 650.43pt.
 [122 <./wordtops/hubble4-eps-converted-to.pdf>]
Package epstopdf Info: Source file: <wordtops/hubble6.eps>
(epstopdf)                    date: 2006-07-20 17:23:52
(epstopdf)                    size: 610092 bytes
(epstopdf)             Output file: <wordtops/hubble6-eps-converted-to.pdf>
(epstopdf)                    date: 2020-07-31 14:20:35
(epstopdf)                    size: 27647 bytes
(epstopdf)             Command: <repstopdf --outfile=wordtops/hubble6-eps-conve
rted-to.pdf wordtops/hubble6.eps>
(epstopdf)             \includegraphics on input line 13.
Package epstopdf Info: Output file is already uptodate.
<wordtops/hubble6-eps-converted-to.pdf, id=728, 437.635pt x 637.38126pt>
File: wordtops/hubble6-eps-converted-to.pdf Graphic file (type pdf)
<use wordtops/hubble6-eps-converted-to.pdf>
Package pdftex.def Info: wordtops/hubble6-eps-converted-to.pdf  used on input l
ine 13.
(pdftex.def)             Requested size: 446.59547pt x 650.43pt.

Overfull \hbox (12.97548pt too wide) in paragraph at lines 13--14
[][] 
 []

[123 <./wordtops/hubble5-eps-converted-to.pdf>]
Package epstopdf Info: Source file: <wordtops/hubble7.eps>
(epstopdf)                    date: 2006-07-20 17:23:52
(epstopdf)                    size: 596141 bytes
(epstopdf)             Output file: <wordtops/hubble7-eps-converted-to.pdf>
(epstopdf)                    date: 2020-07-31 14:20:35
(epstopdf)                    size: 24117 bytes
(epstopdf)             Command: <repstopdf --outfile=wordtops/hubble7-eps-conve
rted-to.pdf wordtops/hubble7.eps>
(epstopdf)             \includegraphics on input line 15.
Package epstopdf Info: Output file is already uptodate.
<wordtops/hubble7-eps-converted-to.pdf, id=748, 437.635pt x 621.32124pt>
File: wordtops/hubble7-eps-converted-to.pdf Graphic file (type pdf)
<use wordtops/hubble7-eps-converted-to.pdf>
Package pdftex.def Info: wordtops/hubble7-eps-converted-to.pdf  used on input l
ine 15.
(pdftex.def)             Requested size: 458.14133pt x 650.43pt.

Overfull \hbox (24.52133pt too wide) in paragraph at lines 15--16
[][] 
 []

[124 <./wordtops/hubble6-eps-converted-to.pdf>]
Package epstopdf Info: Source file: <wordtops/hubble8.eps>
(epstopdf)                    date: 2006-07-20 17:23:52
(epstopdf)                    size: 595083 bytes
(epstopdf)             Output file: <wordtops/hubble8-eps-converted-to.pdf>
(epstopdf)                    date: 2020-07-31 14:20:36
(epstopdf)                    size: 19421 bytes
(epstopdf)             Command: <repstopdf --outfile=wordtops/hubble8-eps-conve
rted-to.pdf wordtops/hubble8.eps>
(epstopdf)             \includegraphics on input line 17.
Package epstopdf Info: Output file is already uptodate.
<wordtops/hubble8-eps-converted-to.pdf, id=770, 437.635pt x 627.34375pt>
File: wordtops/hubble8-eps-converted-to.pdf Graphic file (type pdf)
<use wordtops/hubble8-eps-converted-to.pdf>
Package pdftex.def Info: wordtops/hubble8-eps-converted-to.pdf  used on input l
ine 17.
(pdftex.def)             Requested size: 453.76071pt x 650.43pt.

Overfull \hbox (20.14072pt too wide) in paragraph at lines 17--18
[][] 
 []

[125 <./wordtops/hubble7-eps-converted-to.pdf>]
Package epstopdf Info: Source file: <wordtops/hubble9.eps>
(epstopdf)                    date: 2006-07-20 17:23:52
(epstopdf)                    size: 541961 bytes
(epstopdf)             Output file: <wordtops/hubble9-eps-converted-to.pdf>
(epstopdf)                    date: 2020-07-31 14:20:36
(epstopdf)                    size: 21422 bytes
(epstopdf)             Command: <repstopdf --outfile=wordtops/hubble9-eps-conve
rted-to.pdf wordtops/hubble9.eps>
(epstopdf)             \includegraphics on input line 19.
Package epstopdf Info: Output file is already uptodate.
<wordtops/hubble9-eps-converted-to.pdf, id=792, 437.635pt x 552.0625pt>
File: wordtops/hubble9-eps-converted-to.pdf Graphic file (type pdf)
<use wordtops/hubble9-eps-converted-to.pdf>
Package pdftex.def Info: wordtops/hubble9-eps-converted-to.pdf  used on input l
ine 19.
(pdftex.def)             Requested size: 437.63393pt x 552.06114pt.
) (./life.tex
Overfull \hbox (4.01393pt too wide) in paragraph at lines 19--1
[][]
 []


Underfull \hbox (badness 10000) in paragraph at lines 19--1

 []

[126 <./wordtops/hubble8-eps-converted-to.pdf>] [127 <./wordtops/hubble9-eps-co
nverted-to.pdf>]
Lab 33.
[128

] [129]) (./stellarium.tex [130]
Appendix A.
Package epstopdf Info: Source file: <figs/stellarium-icons.eps>
(epstopdf)                    date: 2011-12-29 12:03:11
(epstopdf)                    size: 528147 bytes
(epstopdf)             Output file: <figs/stellarium-icons-eps-converted-to.pdf
>
(epstopdf)                    date: 2019-12-16 14:22:05
(epstopdf)                    size: 99907 bytes
(epstopdf)             Command: <repstopdf --outfile=figs/stellarium-icons-eps-
converted-to.pdf figs/stellarium-icons.eps>
(epstopdf)             \includegraphics on input line 31.
Package epstopdf Info: Output file is already uptodate.
<figs/stellarium-icons-eps-converted-to.pdf, id=842, 815.045pt x 481.8pt>
File: figs/stellarium-icons-eps-converted-to.pdf Graphic file (type pdf)
<use figs/stellarium-icons-eps-converted-to.pdf>
Package pdftex.def Info: figs/stellarium-icons-eps-converted-to.pdf  used on in
put line 31.
(pdftex.def)             Requested size: 289.07999pt x 170.88213pt.
Package epstopdf Info: Source file: <figs/stell-exit.eps>
(epstopdf)                    date: 2012-01-03 16:23:13
(epstopdf)                    size: 180892 bytes
(epstopdf)             Output file: <figs/stell-exit-eps-converted-to.pdf>
(epstopdf)                    date: 2019-12-16 14:22:06
(epstopdf)                    size: 5579 bytes
(epstopdf)             Command: <repstopdf --outfile=figs/stell-exit-eps-conver
ted-to.pdf figs/stell-exit.eps>
(epstopdf)             \includegraphics on input line 39.
Package epstopdf Info: Output file is already uptodate.
<figs/stell-exit-eps-converted-to.pdf, id=843, 32.12pt x 40.15pt>
File: figs/stell-exit-eps-converted-to.pdf Graphic file (type pdf)
<use figs/stell-exit-eps-converted-to.pdf>
Package pdftex.def Info: figs/stell-exit-eps-converted-to.pdf  used on input li
ne 39.
(pdftex.def)             Requested size: 11.56268pt x 14.45377pt.
Package epstopdf Info: Source file: <figs/stell-angular.eps>
(epstopdf)                    date: 2011-12-29 16:55:51
(epstopdf)                    size: 177992 bytes
(epstopdf)             Output file: <figs/stell-angular-eps-converted-to.pdf>
(epstopdf)                    date: 2019-12-16 14:22:06
(epstopdf)                    size: 4002 bytes
(epstopdf)             Command: <repstopdf --outfile=figs/stell-angular-eps-con
verted-to.pdf figs/stell-angular.eps>
(epstopdf)             \includegraphics on input line 44.
Package epstopdf Info: Output file is already uptodate.
<figs/stell-angular-eps-converted-to.pdf, id=844, 30.1125pt x 32.12pt>
File: figs/stell-angular-eps-converted-to.pdf Graphic file (type pdf)
<use figs/stell-angular-eps-converted-to.pdf>
Package pdftex.def Info: figs/stell-angular-eps-converted-to.pdf  used on input
 line 44.
(pdftex.def)             Requested size: 13.55049pt x 14.45377pt.
Package epstopdf Info: Source file: <figs/stell-config.eps>
(epstopdf)                    date: 2012-01-03 16:28:34
(epstopdf)                    size: 182663 bytes
(epstopdf)             Output file: <figs/stell-config-eps-converted-to.pdf>
(epstopdf)                    date: 2019-12-16 14:22:06
(epstopdf)                    size: 5809 bytes
(epstopdf)             Command: <repstopdf --outfile=figs/stell-config-eps-conv
erted-to.pdf figs/stell-config.eps>
(epstopdf)             \includegraphics on input line 47.
Package epstopdf Info: Output file is already uptodate.
<figs/stell-config-eps-converted-to.pdf, id=845, 69.25874pt x 69.25874pt>
File: figs/stell-config-eps-converted-to.pdf Graphic file (type pdf)
<use figs/stell-config-eps-converted-to.pdf>
Package pdftex.def Info: figs/stell-config-eps-converted-to.pdf  used on input 
line 47.
(pdftex.def)             Requested size: 14.45387pt x 14.45377pt.
Package epstopdf Info: Source file: <figs/stell-exit.eps>
(epstopdf)                    date: 2012-01-03 16:23:13
(epstopdf)                    size: 180892 bytes
(epstopdf)             Output file: <figs/stell-exit-eps-converted-to.pdf>
(epstopdf)                    date: 2019-12-16 14:22:06
(epstopdf)                    size: 5579 bytes
(epstopdf)             Command: <repstopdf --outfile=figs/stell-exit-eps-conver
ted-to.pdf figs/stell-exit.eps>
(epstopdf)             \includegraphics on input line 51.
Package epstopdf Info: Output file is already uptodate.
File: figs/stell-exit-eps-converted-to.pdf Graphic file (type pdf)
<use figs/stell-exit-eps-converted-to.pdf>
Package pdftex.def Info: figs/stell-exit-eps-converted-to.pdf  used on input li
ne 51.
(pdftex.def)             Requested size: 11.56268pt x 14.45377pt.
[131

 <./figs/stellarium-icons-eps-converted-to.pdf> <./figs/stell-exit-eps-converte
d-to.pdf> <./figs/stell-angular-eps-converted-to.pdf>]
Package epstopdf Info: Source file: <figs/stell-center.eps>
(epstopdf)                    date: 2011-12-29 16:45:43
(epstopdf)                    size: 178902 bytes
(epstopdf)             Output file: <figs/stell-center-eps-converted-to.pdf>
(epstopdf)                    date: 2019-12-16 14:22:07
(epstopdf)                    size: 4680 bytes
(epstopdf)             Command: <repstopdf --outfile=figs/stell-center-eps-conv
erted-to.pdf figs/stell-center.eps>
(epstopdf)             \includegraphics on input line 69.
Package epstopdf Info: Output file is already uptodate.
<figs/stell-center-eps-converted-to.pdf, id=864, 34.1275pt x 34.1275pt>
File: figs/stell-center-eps-converted-to.pdf Graphic file (type pdf)
<use figs/stell-center-eps-converted-to.pdf>
Package pdftex.def Info: figs/stell-center-eps-converted-to.pdf  used on input 
line 69.
(pdftex.def)             Requested size: 14.45372pt x 14.45377pt.
Package epstopdf Info: Source file: <figs/stell-loc.eps>
(epstopdf)                    date: 2011-12-29 12:23:40
(epstopdf)                    size: 182229 bytes
(epstopdf)             Output file: <figs/stell-loc-eps-converted-to.pdf>
(epstopdf)                    date: 2019-12-16 14:22:07
(epstopdf)                    size: 6405 bytes
(epstopdf)             Command: <repstopdf --outfile=figs/stell-loc-eps-convert
ed-to.pdf figs/stell-loc.eps>
(epstopdf)             \includegraphics on input line 73.
Package epstopdf Info: Output file is already uptodate.
<figs/stell-loc-eps-converted-to.pdf, id=865, 52.195pt x 58.2175pt>
File: figs/stell-loc-eps-converted-to.pdf Graphic file (type pdf)
<use figs/stell-loc-eps-converted-to.pdf>
Package pdftex.def Info: figs/stell-loc-eps-converted-to.pdf  used on input lin
e 73.
(pdftex.def)             Requested size: 12.95792pt x 14.45377pt.
Package epstopdf Info: Source file: <figs/stell-time1.eps>
(epstopdf)                    date: 2011-12-29 12:29:52
(epstopdf)                    size: 188035 bytes
(epstopdf)             Output file: <figs/stell-time1-eps-converted-to.pdf>
(epstopdf)                    date: 2019-12-16 14:22:07
(epstopdf)                    size: 7435 bytes
(epstopdf)             Command: <repstopdf --outfile=figs/stell-time1-eps-conve
rted-to.pdf figs/stell-time1.eps>
(epstopdf)             \includegraphics on input line 82.
Package epstopdf Info: Output file is already uptodate.
<figs/stell-time1-eps-converted-to.pdf, id=866, 136.51pt x 42.1575pt>
File: figs/stell-time1-eps-converted-to.pdf Graphic file (type pdf)
<use figs/stell-time1-eps-converted-to.pdf>
Package pdftex.def Info: figs/stell-time1-eps-converted-to.pdf  used on input l
ine 82.
(pdftex.def)             Requested size: 46.80229pt x 14.45377pt.
Package epstopdf Info: Source file: <figs/stell-time2.eps>
(epstopdf)                    date: 2011-12-29 12:30:21
(epstopdf)                    size: 183203 bytes
(epstopdf)             Output file: <figs/stell-time2-eps-converted-to.pdf>
(epstopdf)                    date: 2019-12-16 14:22:08
(epstopdf)                    size: 7034 bytes
(epstopdf)             Command: <repstopdf --outfile=figs/stell-time2-eps-conve
rted-to.pdf figs/stell-time2.eps>
(epstopdf)             \includegraphics on input line 89.
Package epstopdf Info: Output file is already uptodate.
<figs/stell-time2-eps-converted-to.pdf, id=867, 58.2175pt x 61.22874pt>
File: figs/stell-time2-eps-converted-to.pdf Graphic file (type pdf)
<use figs/stell-time2-eps-converted-to.pdf>
Package pdftex.def Info: figs/stell-time2-eps-converted-to.pdf  used on input l
ine 89.
(pdftex.def)             Requested size: 13.7424pt x 14.45377pt.
Package epstopdf Info: Source file: <figs/stell-find.eps>
(epstopdf)                    date: 2011-12-29 12:42:03
(epstopdf)                    size: 181630 bytes
(epstopdf)             Output file: <figs/stell-find-eps-converted-to.pdf>
(epstopdf)                    date: 2019-12-16 14:22:08
(epstopdf)                    size: 6281 bytes
(epstopdf)             Command: <repstopdf --outfile=figs/stell-find-eps-conver
ted-to.pdf figs/stell-find.eps>
(epstopdf)             \includegraphics on input line 113.
Package epstopdf Info: Output file is already uptodate.
<figs/stell-find-eps-converted-to.pdf, id=868, 60.225pt x 62.2325pt>
File: figs/stell-find-eps-converted-to.pdf Graphic file (type pdf)
<use figs/stell-find-eps-converted-to.pdf>
Package pdftex.def Info: figs/stell-find-eps-converted-to.pdf  used on input li
ne 113.
(pdftex.def)             Requested size: 13.98746pt x 14.45377pt.
Package epstopdf Info: Source file: <figs/stell-constellations.eps>
(epstopdf)                    date: 2011-12-29 16:34:05
(epstopdf)                    size: 187493 bytes
(epstopdf)             Output file: <figs/stell-constellations-eps-converted-to
.pdf>
(epstopdf)                    date: 2019-12-16 14:22:08
(epstopdf)                    size: 7151 bytes
(epstopdf)             Command: <repstopdf --outfile=figs/stell-constellations-
eps-converted-to.pdf figs/stell-constellations.eps>
(epstopdf)             \includegraphics on input line 118.
Package epstopdf Info: Output file is already uptodate.
<figs/stell-constellations-eps-converted-to.pdf, id=869, 96.36pt x 38.1425pt>
File: figs/stell-constellations-eps-converted-to.pdf Graphic file (type pdf)
<use figs/stell-constellations-eps-converted-to.pdf>
Package pdftex.def Info: figs/stell-constellations-eps-converted-to.pdf  used o
n input line 118.
(pdftex.def)             Requested size: 36.51424pt x 14.45377pt.
 [132 <./figs/stell-config-eps-converted-to.pdf> <./figs/stell-center-eps-conve
rted-to.pdf> <./figs/stell-loc-eps-converted-to.pdf> <./figs/stell-time1-eps-co
nverted-to.pdf> <./figs/stell-time2-eps-converted-to.pdf> <./figs/stell-find-ep
s-converted-to.pdf> <./figs/stell-constellations-eps-converted-to.pdf>]
Package epstopdf Info: Source file: <figs/stell-grids.eps>
(epstopdf)                    date: 2011-12-29 16:41:58
(epstopdf)                    size: 186847 bytes
(epstopdf)             Output file: <figs/stell-grids-eps-converted-to.pdf>
(epstopdf)                    date: 2019-12-16 14:22:09
(epstopdf)                    size: 6795 bytes
(epstopdf)             Command: <repstopdf --outfile=figs/stell-grids-eps-conve
rted-to.pdf figs/stell-grids.eps>
(epstopdf)             \includegraphics on input line 134.
Package epstopdf Info: Output file is already uptodate.
<figs/stell-grids-eps-converted-to.pdf, id=908, 74.2775pt x 41.15375pt>
File: figs/stell-grids-eps-converted-to.pdf Graphic file (type pdf)
<use figs/stell-grids-eps-converted-to.pdf>
Package pdftex.def Info: figs/stell-grids-eps-converted-to.pdf  used on input l
ine 134.
(pdftex.def)             Requested size: 26.08704pt x 14.45377pt.
Package epstopdf Info: Source file: <figs/stell-planets.eps>
(epstopdf)                    date: 2012-01-03 16:34:56
(epstopdf)                    size: 179848 bytes
(epstopdf)             Output file: <figs/stell-planets-eps-converted-to.pdf>
(epstopdf)                    date: 2019-12-16 14:22:09
(epstopdf)                    size: 5621 bytes
(epstopdf)             Command: <repstopdf --outfile=figs/stell-planets-eps-con
verted-to.pdf figs/stell-planets.eps>
(epstopdf)             \includegraphics on input line 136.
Package epstopdf Info: Output file is already uptodate.
<figs/stell-planets-eps-converted-to.pdf, id=909, 39.14626pt x 35.13126pt>
File: figs/stell-planets-eps-converted-to.pdf Graphic file (type pdf)
<use figs/stell-planets-eps-converted-to.pdf>
Package pdftex.def Info: figs/stell-planets-eps-converted-to.pdf  used on input
 line 136.
(pdftex.def)             Requested size: 16.1056pt x 14.45377pt.
Package epstopdf Info: Source file: <figs/stell-ground.eps>
(epstopdf)                    date: 2011-12-29 16:51:15
(epstopdf)                    size: 179181 bytes
(epstopdf)             Output file: <figs/stell-ground-eps-converted-to.pdf>
(epstopdf)                    date: 2019-12-16 14:22:10
(epstopdf)                    size: 4841 bytes
(epstopdf)             Command: <repstopdf --outfile=figs/stell-ground-eps-conv
erted-to.pdf figs/stell-ground.eps>
(epstopdf)             \includegraphics on input line 140.
Package epstopdf Info: Output file is already uptodate.
<figs/stell-ground-eps-converted-to.pdf, id=910, 34.1275pt x 37.13875pt>
File: figs/stell-ground-eps-converted-to.pdf Graphic file (type pdf)
<use figs/stell-ground-eps-converted-to.pdf>
Package pdftex.def Info: figs/stell-ground-eps-converted-to.pdf  used on input 
line 140.
(pdftex.def)             Requested size: 13.28206pt x 14.45377pt.
Package epstopdf Info: Source file: <figs/stell-atmosphere.eps>
(epstopdf)                    date: 2011-12-29 16:51:41
(epstopdf)                    size: 179309 bytes
(epstopdf)             Output file: <figs/stell-atmosphere-eps-converted-to.pdf
>
(epstopdf)                    date: 2019-12-16 14:22:10
(epstopdf)                    size: 4984 bytes
(epstopdf)             Command: <repstopdf --outfile=figs/stell-atmosphere-eps-
converted-to.pdf figs/stell-atmosphere.eps>
(epstopdf)             \includegraphics on input line 144.
Package epstopdf Info: Output file is already uptodate.
<figs/stell-atmosphere-eps-converted-to.pdf, id=911, 35.13126pt x 34.1275pt>
File: figs/stell-atmosphere-eps-converted-to.pdf Graphic file (type pdf)
<use figs/stell-atmosphere-eps-converted-to.pdf>
Package pdftex.def Info: figs/stell-atmosphere-eps-converted-to.pdf  used on in
put line 144.
(pdftex.def)             Requested size: 14.87885pt x 14.45377pt.
Package epstopdf Info: Source file: <figs/stell-angular.eps>
(epstopdf)                    date: 2011-12-29 16:55:51
(epstopdf)                    size: 177992 bytes
(epstopdf)             Output file: <figs/stell-angular-eps-converted-to.pdf>
(epstopdf)                    date: 2019-12-16 14:22:06
(epstopdf)                    size: 4002 bytes
(epstopdf)             Command: <repstopdf --outfile=figs/stell-angular-eps-con
verted-to.pdf figs/stell-angular.eps>
(epstopdf)             \includegraphics on input line 158.
Package epstopdf Info: Output file is already uptodate.
File: figs/stell-angular-eps-converted-to.pdf Graphic file (type pdf)
<use figs/stell-angular-eps-converted-to.pdf>
Package pdftex.def Info: figs/stell-angular-eps-converted-to.pdf  used on input
 line 158.
(pdftex.def)             Requested size: 13.55049pt x 14.45377pt.
Package epstopdf Info: Source file: <figs/stell-angular.eps>
(epstopdf)                    date: 2011-12-29 16:55:51
(epstopdf)                    size: 177992 bytes
(epstopdf)             Output file: <figs/stell-angular-eps-converted-to.pdf>
(epstopdf)                    date: 2019-12-16 14:22:06
(epstopdf)                    size: 4002 bytes
(epstopdf)             Command: <repstopdf --outfile=figs/stell-angular-eps-con
verted-to.pdf figs/stell-angular.eps>
(epstopdf)             \includegraphics on input line 160.
Package epstopdf Info: Output file is already uptodate.
File: figs/stell-angular-eps-converted-to.pdf Graphic file (type pdf)
<use figs/stell-angular-eps-converted-to.pdf>
Package pdftex.def Info: figs/stell-angular-eps-converted-to.pdf  used on input
 line 160.
(pdftex.def)             Requested size: 13.55049pt x 14.45377pt.
Package epstopdf Info: Source file: <figs/stell-mount.eps>
(epstopdf)                    date: 2011-12-29 17:04:10
(epstopdf)                    size: 179850 bytes
(epstopdf)             Output file: <figs/stell-mount-eps-converted-to.pdf>
(epstopdf)                    date: 2019-12-16 14:22:10
(epstopdf)                    size: 5265 bytes
(epstopdf)             Command: <repstopdf --outfile=figs/stell-mount-eps-conve
rted-to.pdf figs/stell-mount.eps>
(epstopdf)             \includegraphics on input line 169.
Package epstopdf Info: Output file is already uptodate.
<figs/stell-mount-eps-converted-to.pdf, id=912, 37.13875pt x 37.13875pt>
File: figs/stell-mount-eps-converted-to.pdf Graphic file (type pdf)
<use figs/stell-mount-eps-converted-to.pdf>
Package pdftex.def Info: figs/stell-mount-eps-converted-to.pdf  used on input l
ine 169.
(pdftex.def)             Requested size: 14.45401pt x 14.45377pt.
) (./excel.tex [133 <./figs/stell-grids-eps-converted-to.pdf> <./figs/stell-pla
nets-eps-converted-to.pdf> <./figs/stell-ground-eps-converted-to.pdf> <./figs/s
tell-atmosphere-eps-converted-to.pdf> <./figs/stell-mount-eps-converted-to.pdf>
]
Appendix B.
Package epstopdf Info: Source file: <figs/excelwindow.eps>
(epstopdf)                    date: 2014-12-12 11:05:46
(epstopdf)                    size: 4784844 bytes
(epstopdf)             Output file: <figs/excelwindow-eps-converted-to.pdf>
(epstopdf)                    date: 2019-12-16 14:22:11
(epstopdf)                    size: 66745 bytes
(epstopdf)             Command: <repstopdf --outfile=figs/excelwindow-eps-conve
rted-to.pdf figs/excelwindow.eps>
(epstopdf)             \includegraphics on input line 53.
Package epstopdf Info: Output file is already uptodate.
<figs/excelwindow-eps-converted-to.pdf, id=942, 770.88pt x 578.16pt>
File: figs/excelwindow-eps-converted-to.pdf Graphic file (type pdf)
<use figs/excelwindow-eps-converted-to.pdf>
Package pdftex.def Info: figs/excelwindow-eps-converted-to.pdf  used on input l
ine 53.
(pdftex.def)             Requested size: 770.87813pt x 578.15858pt.

Underfull \vbox (badness 4981) has occurred while \output is active []

 [134

]
Package epstopdf Info: Source file: <figs/excel-graph.eps>
(epstopdf)                    date: 2014-12-12 11:05:54
(epstopdf)                    size: 2084066 bytes
(epstopdf)             Output file: <figs/excel-graph-eps-converted-to.pdf>
(epstopdf)                    date: 2019-12-16 14:22:11
(epstopdf)                    size: 16287 bytes
(epstopdf)             Command: <repstopdf --outfile=figs/excel-graph-eps-conve
rted-to.pdf figs/excel-graph.eps>
(epstopdf)             \includegraphics on input line 92.
Package epstopdf Info: Output file is already uptodate.
<figs/excel-graph-eps-converted-to.pdf, id=946, 514.92375pt x 376.40625pt>
File: figs/excel-graph-eps-converted-to.pdf Graphic file (type pdf)
<use figs/excel-graph-eps-converted-to.pdf>
Package pdftex.def Info: figs/excel-graph-eps-converted-to.pdf  used on input l
ine 92.
(pdftex.def)             Requested size: 216.81pt x 158.48584pt.

Underfull \vbox (badness 10000) has occurred while \output is active []

 [135 <./figs/excelwindow-eps-converted-to.pdf>] [136 <./figs/excel-graph-eps-c
onverted-to.pdf>] (./labmanual.aux) ) ) 
Here is how much of TeX's memory you used:
 13968 strings out of 492616
 290082 string characters out of 6129482
 301714 words of memory out of 5000000
 17655 multiletter control sequences out of 15000+600000
 540960 words of font info for 55 fonts, out of 8000000 for 9000
 1141 hyphenation exceptions out of 8191
 41i,11n,63p,295b,441s stack positions out of 5000i,500n,10000p,200000b,80000s
</usr/local/texlive/2019/texmf-dist/font
s/type1/public/amsfonts/cm/cmbx10.pfb></usr/local/texlive/2019/texmf-dist/fonts
/type1/public/amsfonts/cm/cmbx12.pfb></usr/local/texlive/2019/texmf-dist/fonts/
type1/public/amsfonts/cm/cmex10.pfb></usr/local/texlive/2019/texmf-dist/fonts/t
ype1/public/amsfonts/cm/cmmi10.pfb></usr/local/texlive/2019/texmf-dist/fonts/ty
pe1/public/amsfonts/cm/cmmi5.pfb></usr/local/texlive/2019/texmf-dist/fonts/type
1/public/amsfonts/cm/cmmi7.pfb></usr/local/texlive/2019/texmf-dist/fonts/type1/
public/amsfonts/cm/cmmi8.pfb></usr/local/texlive/2019/texmf-dist/fonts/type1/pu
blic/amsfonts/cm/cmr10.pfb></usr/local/texlive/2019/texmf-dist/fonts/type1/publ
ic/amsfonts/cm/cmr12.pfb></usr/local/texlive/2019/texmf-dist/fonts/type1/public
/amsfonts/cm/cmr17.pfb></usr/local/texlive/2019/texmf-dist/fonts/type1/public/a
msfonts/cm/cmr5.pfb></usr/local/texlive/2019/texmf-dist/fonts/type1/public/amsf
onts/cm/cmr6.pfb></usr/local/texlive/2019/texmf-dist/fonts/type1/public/amsfont
s/cm/cmr7.pfb></usr/local/texlive/2019/texmf-dist/fonts/type1/public/amsfonts/c
m/cmr8.pfb></usr/local/texlive/2019/texmf-dist/fonts/type1/public/amsfonts/cm/c
msy10.pfb></usr/local/texlive/2019/texmf-dist/fonts/type1/public/amsfonts/cm/cm
sy7.pfb></usr/local/texlive/2019/texmf-dist/fonts/type1/public/amsfonts/cm/cmsy
8.pfb></usr/local/texlive/2019/texmf-dist/fonts/type1/public/amsfonts/cm/cmti10
.pfb></usr/local/texlive/2019/texmf-dist/fonts/type1/public/amsfonts/cm/cmtt10.
pfb></usr/local/texlive/2019/texmf-dist/fonts/type1/public/amsfonts/cm/cmu10.pf
b>
Output written on labmanual.pdf (136 pages, 1620850 bytes).
PDF statistics:
 1027 PDF objects out of 1200 (max. 8388607)
 670 compressed objects within 7 object streams
 0 named destinations out of 1000 (max. 500000)
 241 words of extra memory for PDF output out of 10000 (max. 10000000)

